2025-12-14 20:04:15.475 [main] INFO  c.e.s.util.DatabaseInitializer - Bắt đầu khởi tạo dữ liệu mẫu...
2025-12-14 20:04:15.710 [main] INFO  o.h.jpa.internal.util.LogHelper - HHH000204: Processing PersistenceUnitInfo [name: shopgaubongPU]
2025-12-14 20:04:15.773 [main] INFO  org.hibernate.Version - HHH000412: Hibernate ORM core version [WORKING]
2025-12-14 20:04:15.812 [main] INFO  o.h.c.i.RegionFactoryInitiator - HHH000026: Second-level cache disabled
2025-12-14 20:04:16.175 [main] WARN  o.hibernate.orm.connections.pooling - HHH10001002: Using built-in connection pool (not intended for production use)
2025-12-14 20:04:16.181 [main] INFO  o.hibernate.orm.connections.pooling - HHH10001005: Loaded JDBC driver class: com.mysql.cj.jdbc.Driver
2025-12-14 20:04:16.183 [main] INFO  o.hibernate.orm.connections.pooling - HHH10001012: Connecting with JDBC URL [jdbc:mysql://localhost:3306/shopgaubong?useSSL=false&serverTimezone=Asia/Ho_Chi_Minh&characterEncoding=utf8mb4]
2025-12-14 20:04:16.183 [main] INFO  o.hibernate.orm.connections.pooling - HHH10001001: Connection properties: {password=****, useUnicode=true, characterEncoding=UTF-8, user=root}
2025-12-14 20:04:16.183 [main] INFO  o.hibernate.orm.connections.pooling - HHH10001003: Autocommit mode: false
2025-12-14 20:04:16.185 [main] INFO  o.hibernate.orm.connections.pooling - HHH10001115: Connection pool size: 10 (min=1)
2025-12-14 20:04:16.277 [main] WARN  o.h.e.j.e.i.JdbcEnvironmentInitiator - HHH000342: Could not obtain connection to query metadata
java.lang.IllegalStateException: Cannot get a connection as the driver manager is not properly initialized
	at org.hibernate.orm.core@6.4.4.Final/org.hibernate.engine.jdbc.connections.internal.DriverManagerConnectionProviderImpl.getConnection(DriverManagerConnectionProviderImpl.java:259)
	at org.hibernate.orm.core@6.4.4.Final/org.hibernate.engine.jdbc.env.internal.JdbcEnvironmentInitiator$ConnectionProviderJdbcConnectionAccess.obtainConnection(JdbcEnvironmentInitiator.java:428)
	at org.hibernate.orm.core@6.4.4.Final/org.hibernate.resource.transaction.backend.jdbc.internal.JdbcIsolationDelegate.delegateWork(JdbcIsolationDelegate.java:61)
	at org.hibernate.orm.core@6.4.4.Final/org.hibernate.engine.jdbc.env.internal.JdbcEnvironmentInitiator.getJdbcEnvironmentUsingJdbcMetadata(JdbcEnvironmentInitiator.java:276)
	at org.hibernate.orm.core@6.4.4.Final/org.hibernate.engine.jdbc.env.internal.JdbcEnvironmentInitiator.initiateService(JdbcEnvironmentInitiator.java:107)
	at org.hibernate.orm.core@6.4.4.Final/org.hibernate.engine.jdbc.env.internal.JdbcEnvironmentInitiator.initiateService(JdbcEnvironmentInitiator.java:68)
	at org.hibernate.orm.core@6.4.4.Final/org.hibernate.boot.registry.internal.StandardServiceRegistryImpl.initiateService(StandardServiceRegistryImpl.java:130)
	at org.hibernate.orm.core@6.4.4.Final/org.hibernate.service.internal.AbstractServiceRegistryImpl.createService(AbstractServiceRegistryImpl.java:263)
	at org.hibernate.orm.core@6.4.4.Final/org.hibernate.service.internal.AbstractServiceRegistryImpl.initializeService(AbstractServiceRegistryImpl.java:238)
	at org.hibernate.orm.core@6.4.4.Final/org.hibernate.service.internal.AbstractServiceRegistryImpl.getService(AbstractServiceRegistryImpl.java:215)
	at org.hibernate.orm.core@6.4.4.Final/org.hibernate.engine.jdbc.internal.JdbcServicesImpl.configure(JdbcServicesImpl.java:52)
	at org.hibernate.orm.core@6.4.4.Final/org.hibernate.boot.registry.internal.StandardServiceRegistryImpl.configureService(StandardServiceRegistryImpl.java:136)
	at org.hibernate.orm.core@6.4.4.Final/org.hibernate.service.internal.AbstractServiceRegistryImpl.initializeService(AbstractServiceRegistryImpl.java:247)
	at org.hibernate.orm.core@6.4.4.Final/org.hibernate.service.internal.AbstractServiceRegistryImpl.getService(AbstractServiceRegistryImpl.java:215)
	at org.hibernate.orm.core@6.4.4.Final/org.hibernate.engine.jdbc.connections.internal.BasicConnectionCreator.convertSqlException(BasicConnectionCreator.java:132)
	at org.hibernate.orm.core@6.4.4.Final/org.hibernate.engine.jdbc.connections.internal.DriverConnectionCreator.makeConnection(DriverConnectionCreator.java:43)
	at org.hibernate.orm.core@6.4.4.Final/org.hibernate.engine.jdbc.connections.internal.BasicConnectionCreator.createConnection(BasicConnectionCreator.java:61)
	at org.hibernate.orm.core@6.4.4.Final/org.hibernate.engine.jdbc.connections.internal.DriverManagerConnectionProviderImpl$PooledConnections.addConnections(DriverManagerConnectionProviderImpl.java:499)
	at org.hibernate.orm.core@6.4.4.Final/org.hibernate.engine.jdbc.connections.internal.DriverManagerConnectionProviderImpl$PooledConnections.<init>(DriverManagerConnectionProviderImpl.java:372)
	at org.hibernate.orm.core@6.4.4.Final/org.hibernate.engine.jdbc.connections.internal.DriverManagerConnectionProviderImpl$PooledConnections$Builder.build(DriverManagerConnectionProviderImpl.java:550)
	at org.hibernate.orm.core@6.4.4.Final/org.hibernate.engine.jdbc.connections.internal.DriverManagerConnectionProviderImpl.buildPool(DriverManagerConnectionProviderImpl.java:102)
	at org.hibernate.orm.core@6.4.4.Final/org.hibernate.engine.jdbc.connections.internal.DriverManagerConnectionProviderImpl.configure(DriverManagerConnectionProviderImpl.java:82)
	at org.hibernate.orm.core@6.4.4.Final/org.hibernate.boot.registry.internal.StandardServiceRegistryImpl.configureService(StandardServiceRegistryImpl.java:136)
	at org.hibernate.orm.core@6.4.4.Final/org.hibernate.service.internal.AbstractServiceRegistryImpl.initializeService(AbstractServiceRegistryImpl.java:247)
	at org.hibernate.orm.core@6.4.4.Final/org.hibernate.service.internal.AbstractServiceRegistryImpl.getService(AbstractServiceRegistryImpl.java:215)
	at org.hibernate.orm.core@6.4.4.Final/org.hibernate.engine.jdbc.env.internal.JdbcEnvironmentInitiator.buildJdbcConnectionAccess(JdbcEnvironmentInitiator.java:395)
	at org.hibernate.orm.core@6.4.4.Final/org.hibernate.engine.jdbc.env.internal.JdbcEnvironmentInitiator.getJdbcEnvironmentUsingJdbcMetadata(JdbcEnvironmentInitiator.java:262)
	at org.hibernate.orm.core@6.4.4.Final/org.hibernate.engine.jdbc.env.internal.JdbcEnvironmentInitiator.initiateService(JdbcEnvironmentInitiator.java:107)
	at org.hibernate.orm.core@6.4.4.Final/org.hibernate.engine.jdbc.env.internal.JdbcEnvironmentInitiator.initiateService(JdbcEnvironmentInitiator.java:68)
	at org.hibernate.orm.core@6.4.4.Final/org.hibernate.boot.registry.internal.StandardServiceRegistryImpl.initiateService(StandardServiceRegistryImpl.java:130)
	at org.hibernate.orm.core@6.4.4.Final/org.hibernate.service.internal.AbstractServiceRegistryImpl.createService(AbstractServiceRegistryImpl.java:263)
	at org.hibernate.orm.core@6.4.4.Final/org.hibernate.service.internal.AbstractServiceRegistryImpl.initializeService(AbstractServiceRegistryImpl.java:238)
	at org.hibernate.orm.core@6.4.4.Final/org.hibernate.service.internal.AbstractServiceRegistryImpl.getService(AbstractServiceRegistryImpl.java:215)
	at org.hibernate.orm.core@6.4.4.Final/org.hibernate.boot.model.relational.Database.<init>(Database.java:45)
	at org.hibernate.orm.core@6.4.4.Final/org.hibernate.boot.internal.InFlightMetadataCollectorImpl.getDatabase(InFlightMetadataCollectorImpl.java:223)
	at org.hibernate.orm.core@6.4.4.Final/org.hibernate.boot.internal.InFlightMetadataCollectorImpl.<init>(InFlightMetadataCollectorImpl.java:191)
	at org.hibernate.orm.core@6.4.4.Final/org.hibernate.boot.model.process.spi.MetadataBuildingProcess.complete(MetadataBuildingProcess.java:170)
	at org.hibernate.orm.core@6.4.4.Final/org.hibernate.jpa.boot.internal.EntityManagerFactoryBuilderImpl.metadata(EntityManagerFactoryBuilderImpl.java:1432)
	at org.hibernate.orm.core@6.4.4.Final/org.hibernate.jpa.boot.internal.EntityManagerFactoryBuilderImpl.build(EntityManagerFactoryBuilderImpl.java:1503)
	at org.hibernate.orm.core@6.4.4.Final/org.hibernate.jpa.HibernatePersistenceProvider.createEntityManagerFactory(HibernatePersistenceProvider.java:55)
	at jakarta.persistence@3.1.0/jakarta.persistence.Persistence.createEntityManagerFactory(Persistence.java:80)
	at jakarta.persistence@3.1.0/jakarta.persistence.Persistence.createEntityManagerFactory(Persistence.java:55)
	at com.example.shopgaubong/com.example.shopgaubong.util.HibernateUtil.<clinit>(HibernateUtil.java:16)
	at com.example.shopgaubong/com.example.shopgaubong.dao.BaseDAO.getEntityManager(BaseDAO.java:23)
	at com.example.shopgaubong/com.example.shopgaubong.dao.BaseDAO.findAll(BaseDAO.java:43)
	at com.example.shopgaubong/com.example.shopgaubong.service.AuthService.getAllAccounts(AuthService.java:154)
	at com.example.shopgaubong/com.example.shopgaubong.util.DatabaseInitializer.createDefaultAccounts(DatabaseInitializer.java:42)
	at com.example.shopgaubong/com.example.shopgaubong.util.DatabaseInitializer.initializeSampleData(DatabaseInitializer.java:25)
	at com.example.shopgaubong/com.example.shopgaubong.Launcher.main(Launcher.java:9)
2025-12-14 20:04:16.291 [main] WARN  org.hibernate.orm.deprecation - HHH90000025: MySQLDialect does not need to be specified explicitly using 'hibernate.dialect' (remove the property setting and it will be selected by default)
2025-12-14 20:04:16.297 [main] WARN  o.h.e.jdbc.spi.SqlExceptionHelper - SQL Error: 0, SQLState: 08S01
2025-12-14 20:04:16.297 [main] ERROR o.h.e.jdbc.spi.SqlExceptionHelper - Communications link failure

The last packet sent successfully to the server was 0 milliseconds ago. The driver has not received any packets from the server.
2025-12-14 20:04:16.298 [main] ERROR c.e.shopgaubong.util.HibernateUtil - Lỗi khởi tạo EntityManagerFactory
org.hibernate.service.spi.ServiceException: Unable to create requested service [org.hibernate.engine.jdbc.env.spi.JdbcEnvironment] due to: Error calling Driver#connect [Communications link failure

The last packet sent successfully to the server was 0 milliseconds ago. The driver has not received any packets from the server.] [null]
	at org.hibernate.orm.core@6.4.4.Final/org.hibernate.service.internal.AbstractServiceRegistryImpl.createService(AbstractServiceRegistryImpl.java:276)
	at org.hibernate.orm.core@6.4.4.Final/org.hibernate.service.internal.AbstractServiceRegistryImpl.initializeService(AbstractServiceRegistryImpl.java:238)
	at org.hibernate.orm.core@6.4.4.Final/org.hibernate.service.internal.AbstractServiceRegistryImpl.getService(AbstractServiceRegistryImpl.java:215)
	at org.hibernate.orm.core@6.4.4.Final/org.hibernate.boot.model.relational.Database.<init>(Database.java:45)
	at org.hibernate.orm.core@6.4.4.Final/org.hibernate.boot.internal.InFlightMetadataCollectorImpl.getDatabase(InFlightMetadataCollectorImpl.java:223)
	at org.hibernate.orm.core@6.4.4.Final/org.hibernate.boot.internal.InFlightMetadataCollectorImpl.<init>(InFlightMetadataCollectorImpl.java:191)
	at org.hibernate.orm.core@6.4.4.Final/org.hibernate.boot.model.process.spi.MetadataBuildingProcess.complete(MetadataBuildingProcess.java:170)
	at org.hibernate.orm.core@6.4.4.Final/org.hibernate.jpa.boot.internal.EntityManagerFactoryBuilderImpl.metadata(EntityManagerFactoryBuilderImpl.java:1432)
	at org.hibernate.orm.core@6.4.4.Final/org.hibernate.jpa.boot.internal.EntityManagerFactoryBuilderImpl.build(EntityManagerFactoryBuilderImpl.java:1503)
	at org.hibernate.orm.core@6.4.4.Final/org.hibernate.jpa.HibernatePersistenceProvider.createEntityManagerFactory(HibernatePersistenceProvider.java:55)
	at jakarta.persistence@3.1.0/jakarta.persistence.Persistence.createEntityManagerFactory(Persistence.java:80)
	at jakarta.persistence@3.1.0/jakarta.persistence.Persistence.createEntityManagerFactory(Persistence.java:55)
	at com.example.shopgaubong/com.example.shopgaubong.util.HibernateUtil.<clinit>(HibernateUtil.java:16)
	at com.example.shopgaubong/com.example.shopgaubong.dao.BaseDAO.getEntityManager(BaseDAO.java:23)
	at com.example.shopgaubong/com.example.shopgaubong.dao.BaseDAO.findAll(BaseDAO.java:43)
	at com.example.shopgaubong/com.example.shopgaubong.service.AuthService.getAllAccounts(AuthService.java:154)
	at com.example.shopgaubong/com.example.shopgaubong.util.DatabaseInitializer.createDefaultAccounts(DatabaseInitializer.java:42)
	at com.example.shopgaubong/com.example.shopgaubong.util.DatabaseInitializer.initializeSampleData(DatabaseInitializer.java:25)
	at com.example.shopgaubong/com.example.shopgaubong.Launcher.main(Launcher.java:9)
Caused by: org.hibernate.exception.JDBCConnectionException: Error calling Driver#connect [Communications link failure

The last packet sent successfully to the server was 0 milliseconds ago. The driver has not received any packets from the server.] [null]
	at org.hibernate.orm.core@6.4.4.Final/org.hibernate.exception.internal.SQLStateConversionDelegate.convert(SQLStateConversionDelegate.java:100)
	at org.hibernate.orm.core@6.4.4.Final/org.hibernate.exception.internal.StandardSQLExceptionConverter.convert(StandardSQLExceptionConverter.java:58)
	at org.hibernate.orm.core@6.4.4.Final/org.hibernate.engine.jdbc.spi.SqlExceptionHelper.convert(SqlExceptionHelper.java:108)
	at org.hibernate.orm.core@6.4.4.Final/org.hibernate.engine.jdbc.connections.internal.BasicConnectionCreator.convertSqlException(BasicConnectionCreator.java:134)
	at org.hibernate.orm.core@6.4.4.Final/org.hibernate.engine.jdbc.connections.internal.DriverConnectionCreator.makeConnection(DriverConnectionCreator.java:43)
	at org.hibernate.orm.core@6.4.4.Final/org.hibernate.engine.jdbc.connections.internal.BasicConnectionCreator.createConnection(BasicConnectionCreator.java:61)
	at org.hibernate.orm.core@6.4.4.Final/org.hibernate.engine.jdbc.connections.internal.DriverManagerConnectionProviderImpl$PooledConnections.addConnections(DriverManagerConnectionProviderImpl.java:499)
	at org.hibernate.orm.core@6.4.4.Final/org.hibernate.engine.jdbc.connections.internal.DriverManagerConnectionProviderImpl$PooledConnections.<init>(DriverManagerConnectionProviderImpl.java:372)
	at org.hibernate.orm.core@6.4.4.Final/org.hibernate.engine.jdbc.connections.internal.DriverManagerConnectionProviderImpl$PooledConnections$Builder.build(DriverManagerConnectionProviderImpl.java:550)
	at org.hibernate.orm.core@6.4.4.Final/org.hibernate.engine.jdbc.connections.internal.DriverManagerConnectionProviderImpl.buildPool(DriverManagerConnectionProviderImpl.java:102)
	at org.hibernate.orm.core@6.4.4.Final/org.hibernate.engine.jdbc.connections.internal.DriverManagerConnectionProviderImpl.configure(DriverManagerConnectionProviderImpl.java:82)
	at org.hibernate.orm.core@6.4.4.Final/org.hibernate.boot.registry.internal.StandardServiceRegistryImpl.configureService(StandardServiceRegistryImpl.java:136)
	at org.hibernate.orm.core@6.4.4.Final/org.hibernate.service.internal.AbstractServiceRegistryImpl.initializeService(AbstractServiceRegistryImpl.java:247)
	at org.hibernate.orm.core@6.4.4.Final/org.hibernate.service.internal.AbstractServiceRegistryImpl.getService(AbstractServiceRegistryImpl.java:215)
	at org.hibernate.orm.core@6.4.4.Final/org.hibernate.engine.jdbc.env.internal.JdbcEnvironmentInitiator.buildJdbcConnectionAccess(JdbcEnvironmentInitiator.java:395)
	at org.hibernate.orm.core@6.4.4.Final/org.hibernate.engine.jdbc.env.internal.JdbcEnvironmentInitiator.getJdbcEnvironmentUsingJdbcMetadata(JdbcEnvironmentInitiator.java:262)
	at org.hibernate.orm.core@6.4.4.Final/org.hibernate.engine.jdbc.env.internal.JdbcEnvironmentInitiator.initiateService(JdbcEnvironmentInitiator.java:107)
	at org.hibernate.orm.core@6.4.4.Final/org.hibernate.engine.jdbc.env.internal.JdbcEnvironmentInitiator.initiateService(JdbcEnvironmentInitiator.java:68)
	at org.hibernate.orm.core@6.4.4.Final/org.hibernate.boot.registry.internal.StandardServiceRegistryImpl.initiateService(StandardServiceRegistryImpl.java:130)
	at org.hibernate.orm.core@6.4.4.Final/org.hibernate.service.internal.AbstractServiceRegistryImpl.createService(AbstractServiceRegistryImpl.java:263)
	... 18 common frames omitted
Caused by: com.mysql.cj.jdbc.exceptions.CommunicationsException: Communications link failure

The last packet sent successfully to the server was 0 milliseconds ago. The driver has not received any packets from the server.
	at com.mysql.cj.jdbc.exceptions.SQLError.createCommunicationsException(SQLError.java:174)
	at com.mysql.cj.jdbc.exceptions.SQLExceptionsMapping.translateException(SQLExceptionsMapping.java:64)
	at com.mysql.cj.jdbc.ConnectionImpl.createNewIO(ConnectionImpl.java:815)
	at com.mysql.cj.jdbc.ConnectionImpl.<init>(ConnectionImpl.java:438)
	at com.mysql.cj.jdbc.ConnectionImpl.getInstance(ConnectionImpl.java:241)
	at com.mysql.cj.jdbc.NonRegisteringDriver.connect(NonRegisteringDriver.java:189)
	at org.hibernate.orm.core@6.4.4.Final/org.hibernate.engine.jdbc.connections.internal.DriverConnectionCreator.makeConnection(DriverConnectionCreator.java:40)
	... 33 common frames omitted
Caused by: com.mysql.cj.exceptions.CJCommunicationsException: Communications link failure

The last packet sent successfully to the server was 0 milliseconds ago. The driver has not received any packets from the server.
	at java.base/jdk.internal.reflect.DirectConstructorHandleAccessor.newInstance(DirectConstructorHandleAccessor.java:62)
	at java.base/java.lang.reflect.Constructor.newInstanceWithCaller(Constructor.java:502)
	at java.base/java.lang.reflect.Constructor.newInstance(Constructor.java:486)
	at com.mysql.cj.exceptions.ExceptionFactory.createException(ExceptionFactory.java:61)
	at com.mysql.cj.exceptions.ExceptionFactory.createException(ExceptionFactory.java:104)
	at com.mysql.cj.exceptions.ExceptionFactory.createException(ExceptionFactory.java:149)
	at com.mysql.cj.exceptions.ExceptionFactory.createCommunicationsException(ExceptionFactory.java:165)
	at com.mysql.cj.protocol.a.NativeSocketConnection.connect(NativeSocketConnection.java:88)
	at com.mysql.cj.NativeSession.connect(NativeSession.java:120)
	at com.mysql.cj.jdbc.ConnectionImpl.connectOneTryOnly(ConnectionImpl.java:935)
	at com.mysql.cj.jdbc.ConnectionImpl.createNewIO(ConnectionImpl.java:805)
	... 37 common frames omitted
Caused by: java.net.ConnectException: Connection refused: connect
	at java.base/sun.nio.ch.Net.connect0(Native Method)
	at java.base/sun.nio.ch.Net.connect(Net.java:589)
	at java.base/sun.nio.ch.Net.connect(Net.java:578)
	at java.base/sun.nio.ch.NioSocketImpl.connect(NioSocketImpl.java:583)
	at java.base/java.net.SocksSocketImpl.connect(SocksSocketImpl.java:327)
	at java.base/java.net.Socket.connect(Socket.java:751)
	at com.mysql.cj.protocol.StandardSocketFactory.connect(StandardSocketFactory.java:153)
	at com.mysql.cj.protocol.a.NativeSocketConnection.connect(NativeSocketConnection.java:62)
	... 40 common frames omitted
2025-12-14 20:05:12.323 [main] INFO  c.e.s.util.DatabaseInitializer - Bắt đầu khởi tạo dữ liệu mẫu...
2025-12-14 20:05:12.508 [main] INFO  o.h.jpa.internal.util.LogHelper - HHH000204: Processing PersistenceUnitInfo [name: shopgaubongPU]
2025-12-14 20:05:12.552 [main] INFO  org.hibernate.Version - HHH000412: Hibernate ORM core version [WORKING]
2025-12-14 20:05:12.591 [main] INFO  o.h.c.i.RegionFactoryInitiator - HHH000026: Second-level cache disabled
2025-12-14 20:05:12.849 [main] WARN  o.hibernate.orm.connections.pooling - HHH10001002: Using built-in connection pool (not intended for production use)
2025-12-14 20:05:12.861 [main] INFO  o.hibernate.orm.connections.pooling - HHH10001005: Loaded JDBC driver class: com.mysql.cj.jdbc.Driver
2025-12-14 20:05:12.861 [main] INFO  o.hibernate.orm.connections.pooling - HHH10001012: Connecting with JDBC URL [jdbc:mysql://localhost:3306/shopgaubong?useSSL=false&serverTimezone=Asia/Ho_Chi_Minh&characterEncoding=utf8mb4]
2025-12-14 20:05:12.863 [main] INFO  o.hibernate.orm.connections.pooling - HHH10001001: Connection properties: {password=****, useUnicode=true, characterEncoding=UTF-8, user=root}
2025-12-14 20:05:12.863 [main] INFO  o.hibernate.orm.connections.pooling - HHH10001003: Autocommit mode: false
2025-12-14 20:05:12.866 [main] INFO  o.hibernate.orm.connections.pooling - HHH10001115: Connection pool size: 10 (min=1)
2025-12-14 20:05:13.100 [main] WARN  org.hibernate.orm.deprecation - HHH90000025: MySQLDialect does not need to be specified explicitly using 'hibernate.dialect' (remove the property setting and it will be selected by default)
2025-12-14 20:05:13.679 [main] INFO  o.h.validator.internal.util.Version - HV000001: Hibernate Validator null
2025-12-14 20:05:14.811 [main] INFO  o.hibernate.orm.connections.access - HHH10001501: Connection obtained from JdbcConnectionAccess [org.hibernate.engine.jdbc.env.internal.JdbcEnvironmentInitiator$ConnectionProviderJdbcConnectionAccess@64381526] for (non-JTA) DDL execution was not in auto-commit mode; the Connection 'local transaction' will be committed and the Connection will be set into auto-commit mode.
2025-12-14 20:05:15.093 [main] INFO  c.e.shopgaubong.util.HibernateUtil - EntityManagerFactory đã được khởi tạo thành công
2025-12-14 20:05:15.379 [main] INFO  c.e.s.util.DatabaseInitializer - Sử dụng kho: kho me linh (ID: 1)
2025-12-14 20:05:15.504 [main] INFO  c.e.s.util.DatabaseInitializer - Đã tạo 0 mục tồn kho trong kho kho me linh
2025-12-14 20:05:15.505 [main] INFO  c.e.s.util.DatabaseInitializer - Hoàn tất khởi tạo dữ liệu mẫu
2025-12-14 20:05:24.460 [JavaFX Application Thread] INFO  c.e.shopgaubong.service.AuthService - Đăng nhập thành công: admin
2025-12-14 20:05:31.552 [JavaFX Application Thread] INFO  c.e.s.c.OrderManagementController - Tải đơn hàng thành công: 10 đơn
2025-12-14 20:05:32.432 [JavaFX Application Thread] INFO  c.e.s.c.UserManagementController - Loaded 3 accounts
2025-12-14 20:13:58.810 [JavaFX Application Thread] INFO  c.e.s.c.UserManagementController - Loaded 3 accounts
2025-12-14 20:14:00.166 [JavaFX Application Thread] INFO  c.e.s.c.UserManagementController - Loaded 3 accounts
2025-12-14 21:11:06.820 [JavaFX Application Thread] INFO  o.hibernate.orm.connections.pooling - HHH10001008: Cleaning up connection pool [jdbc:mysql://localhost:3306/shopgaubong?useSSL=false&serverTimezone=Asia/Ho_Chi_Minh&characterEncoding=utf8mb4]
2025-12-14 21:11:06.834 [JavaFX Application Thread] INFO  c.e.shopgaubong.util.HibernateUtil - EntityManagerFactory đã được đóng
2025-12-14 21:11:52.631 [main] INFO  c.e.s.util.DatabaseInitializer - Bắt đầu khởi tạo dữ liệu mẫu...
2025-12-14 21:11:52.792 [main] INFO  o.h.jpa.internal.util.LogHelper - HHH000204: Processing PersistenceUnitInfo [name: shopgaubongPU]
2025-12-14 21:11:52.818 [main] INFO  org.hibernate.Version - HHH000412: Hibernate ORM core version [WORKING]
2025-12-14 21:11:52.838 [main] INFO  o.h.c.i.RegionFactoryInitiator - HHH000026: Second-level cache disabled
2025-12-14 21:11:53.161 [main] WARN  o.hibernate.orm.connections.pooling - HHH10001002: Using built-in connection pool (not intended for production use)
2025-12-14 21:11:53.170 [main] INFO  o.hibernate.orm.connections.pooling - HHH10001005: Loaded JDBC driver class: com.mysql.cj.jdbc.Driver
2025-12-14 21:11:53.170 [main] INFO  o.hibernate.orm.connections.pooling - HHH10001012: Connecting with JDBC URL [jdbc:mysql://localhost:3306/shopgaubong?useSSL=false&serverTimezone=Asia/Ho_Chi_Minh&characterEncoding=utf8mb4]
2025-12-14 21:11:53.172 [main] INFO  o.hibernate.orm.connections.pooling - HHH10001001: Connection properties: {password=****, useUnicode=true, characterEncoding=UTF-8, user=root}
2025-12-14 21:11:53.172 [main] INFO  o.hibernate.orm.connections.pooling - HHH10001003: Autocommit mode: false
2025-12-14 21:11:53.174 [main] INFO  o.hibernate.orm.connections.pooling - HHH10001115: Connection pool size: 10 (min=1)
2025-12-14 21:11:53.390 [main] WARN  org.hibernate.orm.deprecation - HHH90000025: MySQLDialect does not need to be specified explicitly using 'hibernate.dialect' (remove the property setting and it will be selected by default)
2025-12-14 21:11:53.788 [main] INFO  o.h.validator.internal.util.Version - HV000001: Hibernate Validator null
2025-12-14 21:11:54.483 [main] INFO  o.hibernate.orm.connections.access - HHH10001501: Connection obtained from JdbcConnectionAccess [org.hibernate.engine.jdbc.env.internal.JdbcEnvironmentInitiator$ConnectionProviderJdbcConnectionAccess@5a3be84] for (non-JTA) DDL execution was not in auto-commit mode; the Connection 'local transaction' will be committed and the Connection will be set into auto-commit mode.
2025-12-14 21:11:54.621 [main] INFO  c.e.shopgaubong.util.HibernateUtil - EntityManagerFactory đã được khởi tạo thành công
2025-12-14 21:11:54.864 [main] INFO  c.e.s.util.DatabaseInitializer - Sử dụng kho: kho me linh (ID: 1)
2025-12-14 21:11:54.960 [main] INFO  c.e.s.util.DatabaseInitializer - Đã tạo 0 mục tồn kho trong kho kho me linh
2025-12-14 21:11:54.960 [main] INFO  c.e.s.util.DatabaseInitializer - Hoàn tất khởi tạo dữ liệu mẫu
2025-12-14 21:12:05.222 [JavaFX Application Thread] INFO  c.e.shopgaubong.service.AuthService - Đăng nhập thành công: customer
2025-12-14 21:12:07.278 [JavaFX Application Thread] INFO  c.e.s.c.CustomerOrderController - Tải đơn hàng thành công: 10 đơn
2025-12-14 21:12:09.673 [JavaFX Application Thread] INFO  c.e.s.controller.CartController - Tải giỏ hàng thành công: 1 sản phẩm
2025-12-14 21:12:11.071 [JavaFX Application Thread] DEBUG c.e.shopgaubong.service.StockService - Get available quantity: Item ID 4, On Hand: 10, Reserved: 3, Available: 7
2025-12-14 21:12:11.102 [JavaFX Application Thread] INFO  c.e.shopgaubong.service.CartService - Cập nhật giỏ hàng: OrderItem ID 19 -> số lượng 2
2025-12-14 21:12:11.111 [JavaFX Application Thread] INFO  c.e.s.controller.CartController - Tải giỏ hàng thành công: 1 sản phẩm
2025-12-14 21:12:12.801 [JavaFX Application Thread] INFO  c.e.shopgaubong.service.CartService - Cập nhật giỏ hàng: OrderItem ID 19 -> số lượng 1
2025-12-14 21:12:12.808 [JavaFX Application Thread] INFO  c.e.s.controller.CartController - Tải giỏ hàng thành công: 1 sản phẩm
2025-12-14 21:12:12.824 [JavaFX Application Thread] INFO  c.e.shopgaubong.service.CartService - Cập nhật giỏ hàng: OrderItem ID 19 -> số lượng 1
2025-12-14 21:12:12.835 [JavaFX Application Thread] INFO  c.e.s.controller.CartController - Tải giỏ hàng thành công: 1 sản phẩm
2025-12-14 21:12:14.846 [JavaFX Application Thread] DEBUG c.e.shopgaubong.service.StockService - Get available quantity: Item ID 4, On Hand: 10, Reserved: 3, Available: 7
2025-12-14 21:12:14.853 [JavaFX Application Thread] INFO  c.e.shopgaubong.service.CartService - Cập nhật giỏ hàng: OrderItem ID 19 -> số lượng 2
2025-12-14 21:12:14.860 [JavaFX Application Thread] INFO  c.e.s.controller.CartController - Tải giỏ hàng thành công: 1 sản phẩm
2025-12-14 21:12:14.871 [JavaFX Application Thread] INFO  c.e.shopgaubong.service.CartService - Cập nhật giỏ hàng: OrderItem ID 19 -> số lượng 2
2025-12-14 21:12:14.876 [JavaFX Application Thread] INFO  c.e.s.controller.CartController - Tải giỏ hàng thành công: 1 sản phẩm
2025-12-14 21:12:14.901 [JavaFX Application Thread] INFO  c.e.shopgaubong.service.CartService - Cập nhật giỏ hàng: OrderItem ID 19 -> số lượng 2
2025-12-14 21:12:14.913 [JavaFX Application Thread] INFO  c.e.s.controller.CartController - Tải giỏ hàng thành công: 1 sản phẩm
2025-12-14 21:12:19.165 [JavaFX Application Thread] INFO  c.e.shopgaubong.service.CartService - Cập nhật giỏ hàng: OrderItem ID 19 -> số lượng 1
2025-12-14 21:12:19.173 [JavaFX Application Thread] INFO  c.e.s.controller.CartController - Tải giỏ hàng thành công: 1 sản phẩm
2025-12-14 21:12:19.188 [JavaFX Application Thread] INFO  c.e.shopgaubong.service.CartService - Cập nhật giỏ hàng: OrderItem ID 19 -> số lượng 1
2025-12-14 21:12:19.197 [JavaFX Application Thread] INFO  c.e.s.controller.CartController - Tải giỏ hàng thành công: 1 sản phẩm
2025-12-14 21:12:19.214 [JavaFX Application Thread] INFO  c.e.shopgaubong.service.CartService - Cập nhật giỏ hàng: OrderItem ID 19 -> số lượng 1
2025-12-14 21:12:19.220 [JavaFX Application Thread] INFO  c.e.s.controller.CartController - Tải giỏ hàng thành công: 1 sản phẩm
2025-12-14 21:12:19.231 [JavaFX Application Thread] INFO  c.e.shopgaubong.service.CartService - Cập nhật giỏ hàng: OrderItem ID 19 -> số lượng 1
2025-12-14 21:12:19.237 [JavaFX Application Thread] INFO  c.e.s.controller.CartController - Tải giỏ hàng thành công: 1 sản phẩm
2025-12-14 21:12:26.828 [JavaFX Application Thread] INFO  o.hibernate.orm.connections.pooling - HHH10001008: Cleaning up connection pool [jdbc:mysql://localhost:3306/shopgaubong?useSSL=false&serverTimezone=Asia/Ho_Chi_Minh&characterEncoding=utf8mb4]
2025-12-14 21:12:26.833 [JavaFX Application Thread] INFO  c.e.shopgaubong.util.HibernateUtil - EntityManagerFactory đã được đóng
2025-12-14 21:15:09.028 [main] INFO  c.e.s.util.DatabaseInitializer - Bắt đầu khởi tạo dữ liệu mẫu...
2025-12-14 21:15:09.142 [main] INFO  o.h.jpa.internal.util.LogHelper - HHH000204: Processing PersistenceUnitInfo [name: shopgaubongPU]
2025-12-14 21:15:09.163 [main] INFO  org.hibernate.Version - HHH000412: Hibernate ORM core version [WORKING]
2025-12-14 21:15:09.186 [main] INFO  o.h.c.i.RegionFactoryInitiator - HHH000026: Second-level cache disabled
2025-12-14 21:15:09.389 [main] WARN  o.hibernate.orm.connections.pooling - HHH10001002: Using built-in connection pool (not intended for production use)
2025-12-14 21:15:09.393 [main] INFO  o.hibernate.orm.connections.pooling - HHH10001005: Loaded JDBC driver class: com.mysql.cj.jdbc.Driver
2025-12-14 21:15:09.393 [main] INFO  o.hibernate.orm.connections.pooling - HHH10001012: Connecting with JDBC URL [jdbc:mysql://localhost:3306/shopgaubong?useSSL=false&serverTimezone=Asia/Ho_Chi_Minh&characterEncoding=utf8mb4]
2025-12-14 21:15:09.393 [main] INFO  o.hibernate.orm.connections.pooling - HHH10001001: Connection properties: {password=****, useUnicode=true, characterEncoding=UTF-8, user=root}
2025-12-14 21:15:09.393 [main] INFO  o.hibernate.orm.connections.pooling - HHH10001003: Autocommit mode: false
2025-12-14 21:15:09.394 [main] INFO  o.hibernate.orm.connections.pooling - HHH10001115: Connection pool size: 10 (min=1)
2025-12-14 21:15:09.540 [main] WARN  org.hibernate.orm.deprecation - HHH90000025: MySQLDialect does not need to be specified explicitly using 'hibernate.dialect' (remove the property setting and it will be selected by default)
2025-12-14 21:15:09.895 [main] INFO  o.h.validator.internal.util.Version - HV000001: Hibernate Validator null
2025-12-14 21:15:10.604 [main] INFO  o.hibernate.orm.connections.access - HHH10001501: Connection obtained from JdbcConnectionAccess [org.hibernate.engine.jdbc.env.internal.JdbcEnvironmentInitiator$ConnectionProviderJdbcConnectionAccess@64381526] for (non-JTA) DDL execution was not in auto-commit mode; the Connection 'local transaction' will be committed and the Connection will be set into auto-commit mode.
2025-12-14 21:15:10.734 [main] INFO  c.e.shopgaubong.util.HibernateUtil - EntityManagerFactory đã được khởi tạo thành công
2025-12-14 21:15:10.974 [main] INFO  c.e.s.util.DatabaseInitializer - Sử dụng kho: kho me linh (ID: 1)
2025-12-14 21:15:11.065 [main] INFO  c.e.s.util.DatabaseInitializer - Đã tạo 0 mục tồn kho trong kho kho me linh
2025-12-14 21:15:11.065 [main] INFO  c.e.s.util.DatabaseInitializer - Hoàn tất khởi tạo dữ liệu mẫu
2025-12-14 21:15:16.617 [JavaFX Application Thread] WARN  c.e.shopgaubong.service.AuthService - Đăng nhập thất bại: Sai mật khẩu cho tài khoản staff
2025-12-14 21:15:21.032 [JavaFX Application Thread] INFO  c.e.shopgaubong.service.AuthService - Đăng nhập thành công: staff
2025-12-14 21:15:24.751 [JavaFX Application Thread] INFO  c.e.s.c.StockManagementController - Loaded 7 stock items
2025-12-14 21:15:24.751 [JavaFX Application Thread] INFO  c.e.s.c.StockManagementController - StockManagementController initialized
2025-12-14 21:15:25.682 [JavaFX Application Thread] INFO  c.e.s.c.PaymentManagementController - Loaded 6 payments
2025-12-14 21:15:25.682 [JavaFX Application Thread] INFO  c.e.s.c.PaymentManagementController - PaymentManagementController initialized
2025-12-14 21:15:26.961 [JavaFX Application Thread] INFO  c.e.s.c.OrderManagementController - Tải đơn hàng thành công: 10 đơn
2025-12-14 21:15:27.554 [JavaFX Application Thread] INFO  c.e.s.c.WarehouseManagementController - Tải kho thành công: 2 kho
2025-12-14 21:15:31.053 [JavaFX Application Thread] INFO  c.e.s.c.OrderManagementController - Tải đơn hàng thành công: 10 đơn
2025-12-14 21:15:49.320 [JavaFX Application Thread] INFO  c.e.shopgaubong.service.AuthService - Đăng xuất: staff
